<?xml version="1.0" encoding="UTF-8"?>
<testng-results ignored="0" total="4" passed="4" failed="0" skipped="0">
  <reporter-output>
  </reporter-output>
  <suite started-at="2022-05-20T15:22:18 CDT" name="Suite" finished-at="2022-05-20T15:22:46 CDT" duration-ms="28064">
    <groups>
    </groups>
    <test started-at="2022-05-20T15:22:18 CDT" name="Test" finished-at="2022-05-20T15:22:46 CDT" duration-ms="28064">
      <class name="com.seleniumFramework.testCases.LoginTestCrm">
        <test-method is-config="true" signature="setUpSuite()[pri:0, instance:com.seleniumFramework.testCases.LoginTestCrm@318ba8c8]" started-at="2022-05-20T15:22:17 CDT" name="setUpSuite" finished-at="2022-05-20T15:22:18 CDT" duration-ms="484" status="PASS">
          <reporter-output>
          </reporter-output>
        </test-method> <!-- setUpSuite -->
        <test-method is-config="true" signature="setUp()[pri:0, instance:com.seleniumFramework.testCases.LoginTestCrm@318ba8c8]" started-at="2022-05-20T15:22:18 CDT" name="setUp" finished-at="2022-05-20T15:22:25 CDT" duration-ms="6989" status="PASS">
          <reporter-output>
          </reporter-output>
        </test-method> <!-- setUp -->
        <test-method signature="loginAppcase()[pri:1, instance:com.seleniumFramework.testCases.LoginTestCrm@318ba8c8]" started-at="2022-05-20T15:22:25 CDT" name="loginAppcase" finished-at="2022-05-20T15:22:28 CDT" duration-ms="2858" status="PASS">
          <reporter-output>
          </reporter-output>
        </test-method> <!-- loginAppcase -->
        <test-method signature="searchTestCase()[pri:2, instance:com.seleniumFramework.testCases.LoginTestCrm@318ba8c8]" started-at="2022-05-20T15:22:28 CDT" name="searchTestCase" finished-at="2022-05-20T15:22:36 CDT" duration-ms="8127" status="PASS">
          <reporter-output>
          </reporter-output>
        </test-method> <!-- searchTestCase -->
        <test-method signature="freeCourseTestCase()[pri:3, instance:com.seleniumFramework.testCases.LoginTestCrm@318ba8c8]" started-at="2022-05-20T15:22:36 CDT" name="freeCourseTestCase" finished-at="2022-05-20T15:22:41 CDT" duration-ms="4777" status="PASS">
          <reporter-output>
          </reporter-output>
        </test-method> <!-- freeCourseTestCase -->
        <test-method signature="allCoursesTestCase()[pri:4, instance:com.seleniumFramework.testCases.LoginTestCrm@318ba8c8]" started-at="2022-05-20T15:22:41 CDT" name="allCoursesTestCase" finished-at="2022-05-20T15:22:46 CDT" duration-ms="5028" status="PASS">
          <reporter-output>
          </reporter-output>
        </test-method> <!-- allCoursesTestCase -->
        <test-method is-config="true" signature="tearDown()[pri:0, instance:com.seleniumFramework.testCases.LoginTestCrm@318ba8c8]" started-at="2022-05-20T15:22:46 CDT" name="tearDown" finished-at="2022-05-20T15:22:46 CDT" duration-ms="245" status="PASS">
          <reporter-output>
          </reporter-output>
        </test-method> <!-- tearDown -->
      </class> <!-- com.seleniumFramework.testCases.LoginTestCrm -->
    </test> <!-- Test -->
  </suite> <!-- Suite -->
</testng-results>
